{"message":"print request failed with ID: eXYeQlN / C:\\Users\\Lap Hoang\\LAP-CDINVEST\\WORK\\TASKS\\node-printing-server\\node_modules\\pdf-to-printer\\dist\\SumatraPDF.exe -print-settings fit,landscape,1 -print-to Samsung M2020 Seriesss (192.168.1.6) -silent pdf/sample.pdf","level":"error"}
{"message":"::1 - - [29/Mar/2021:15:44:11 +0000] \"POST /print HTTP/1.1\" 200 56 \"-\" \"PostmanRuntime/7.26.10\"\n","level":"info"}
{"message":"::1 - - [29/Mar/2021:15:45:40 +0000] \"GET /test HTTP/1.1\" 200 70 \"-\" \"Mozilla/5.0 (Windows NT 10.0; Win64; x64) AppleWebKit/537.36 (KHTML, like Gecko) Chrome/89.0.4389.90 Safari/537.36\"\n","level":"info"}
{"message":"[1/Oct/53211:9:4:52 +0000 - - print request failed with ID: gY5mbGq / C:\\Users\\Lap Hoang\\LAP-CDINVEST\\WORK\\TASKS\\node-printing-server\\node_modules\\pdf-to-printer\\dist\\SumatraPDF.exe -print-settings fit,landscape,1 -print-to Samsung M2020 Seriesss (192.168.1.6) -silent pdf/sample.pdf","level":"error"}
{"message":"::1 - - [29/Mar/2021:15:56:35 +0000] \"POST /print HTTP/1.1\" 200 56 \"-\" \"PostmanRuntime/7.26.10\"\n","level":"info"}
{"message":"[29/Mar/2021:17:57:42 +0000 - - print request failed with ID: dJgztcD / C:\\Users\\Lap Hoang\\LAP-CDINVEST\\WORK\\TASKS\\node-printing-server\\node_modules\\pdf-to-printer\\dist\\SumatraPDF.exe -print-settings fit,landscape,1 -print-to Samsung M2020 Seriesss (192.168.1.6) -silent pdf/sample.pdf","level":"error"}
{"message":"::1 - - [29/Mar/2021:15:57:42 +0000] \"POST /print HTTP/1.1\" 200 56 \"-\" \"PostmanRuntime/7.26.10\"\n","level":"info"}
{"message":"::1 - - [29/Mar/2021:17:58:55 +0000 - - print request failed with ID: MAk48OR / C:\\Users\\Lap Hoang\\LAP-CDINVEST\\WORK\\TASKS\\node-printing-server\\node_modules\\pdf-to-printer\\dist\\SumatraPDF.exe -print-settings fit,landscape,1 -print-to Samsung M2020 Seriesss (192.168.1.6) -silent pdf/sample.pdf","level":"error"}
{"message":"::1 - - [29/Mar/2021:15:58:55 +0000] \"POST /print HTTP/1.1\" 200 56 \"-\" \"PostmanRuntime/7.26.10\"\n","level":"info"}
{"message":"::1 - - [29/Mar/2021:18:0:2 +0000] - - print request failed with ID: lbwcz1d see => C:\\Users\\Lap Hoang\\LAP-CDINVEST\\WORK\\TASKS\\node-printing-server\\node_modules\\pdf-to-printer\\dist\\SumatraPDF.exe -print-settings fit,landscape,1 -print-to Samsung M2020 Seriesss (192.168.1.6) -silent pdf/sample.pdf","level":"error"}
{"message":"::1 - - [29/Mar/2021:16:00:02 +0000] \"POST /print HTTP/1.1\" 200 56 \"-\" \"PostmanRuntime/7.26.10\"\n","level":"info"}
{"message":"::1 - - [29/Mar/2021:18:1:3 +0000] - successful print request with ID: zNXk3uI","level":"info"}
{"message":"::1 - - [29/Mar/2021:16:01:03 +0000] \"POST /print HTTP/1.1\" 200 91 \"-\" \"PostmanRuntime/7.26.10\"\n","level":"info"}
{"message":"::1 - - [29/Mar/2021:18:2:24 +0000] - successful print request with ID: cXBxyD0 | fileName: sample.pdf","level":"info"}
{"message":"::1 - - [29/Mar/2021:16:02:24 +0000] \"POST /print HTTP/1.1\" 200 91 \"-\" \"PostmanRuntime/7.26.10\"\n","level":"info"}
{"message":"::1 - - [29/Mar/2021:18:10:20 +0000] - successful print request with ID: jKZqrY8 | fileName: sample.pdf","level":"info"}
{"message":"::1 - - [29/Mar/2021:16:10:20 +0000] \"POST /print HTTP/1.1\" 200 91 \"-\" \"PostmanRuntime/7.26.10\"\n","level":"info"}
{"message":"::1 - - [29/Mar/2021:18:10:47 +0000] - successful print request with ID: B5jeFKw | fileName: sample.pdf","level":"info"}
{"message":"::1 - - [29/Mar/2021:16:10:47 +0000] \"POST /print HTTP/1.1\" 200 91 \"-\" \"PostmanRuntime/7.26.10\"\n","level":"info"}
{"message":"::1 - - [29/Mar/2021:16:12:53 +0000] \"POST /print HTTP/1.1\" 200 56 \"-\" \"PostmanRuntime/7.26.10\"\n","level":"info"}
{"message":"::1 - - [30/Mar/2021:12:25:25 +0000] \"POST /print HTTP/1.1\" 200 92 \"-\" \"PostmanRuntime/7.26.10\"\n","level":"info"}
{"message":"::1 - - [30/Mar/2021:12:26:53 +0000] \"POST /print HTTP/1.1\" - - \"-\" \"PostmanRuntime/7.26.10\"\n","level":"info"}
{"message":"::1 - - [30/Mar/2021:12:27:22 +0000] \"POST /print HTTP/1.1\" - - \"-\" \"PostmanRuntime/7.26.10\"\n","level":"info"}
{"message":"::1 - - [30/Mar/2021:12:30:25 +0000] \"POST /print HTTP/1.1\" - - \"-\" \"PostmanRuntime/7.26.10\"\n","level":"info"}
{"message":"::1 - - [30/Mar/2021:12:45:50 +0000] \"GET / HTTP/1.1\" 404 139 \"-\" \"Mozilla/5.0 (Windows NT 10.0; Win64; x64) AppleWebKit/537.36 (KHTML, like Gecko) Chrome/89.0.4389.90 Safari/537.36\"\n","level":"info"}
{"error":{"errno":-4058,"code":"ENOENT","syscall":"open","path":"C:\\Users\\Lap Hoang\\LAP-CDINVEST\\WORK\\TASKS\\node-printing-server\\pdff\\sample.jpg"},"level":"error","message":"uncaughtException: ENOENT: no such file or directory, open 'C:\\Users\\Lap Hoang\\LAP-CDINVEST\\WORK\\TASKS\\node-printing-server\\pdff\\sample.jpg'\nError: ENOENT: no such file or directory, open 'C:\\Users\\Lap Hoang\\LAP-CDINVEST\\WORK\\TASKS\\node-printing-server\\pdff\\sample.jpg'","stack":"Error: ENOENT: no such file or directory, open 'C:\\Users\\Lap Hoang\\LAP-CDINVEST\\WORK\\TASKS\\node-printing-server\\pdff\\sample.jpg'","exception":true,"date":"Tue Mar 30 2021 14:45:54 GMT+0200 (Central European Summer Time)","process":{"pid":15700,"uid":null,"gid":null,"cwd":"C:\\Users\\Lap Hoang\\LAP-CDINVEST\\WORK\\TASKS\\node-printing-server","execPath":"C:\\Program Files\\nodejs\\node.exe","version":"v10.16.3","argv":["C:\\Program Files\\nodejs\\node.exe","C:\\Users\\Lap Hoang\\LAP-CDINVEST\\WORK\\TASKS\\node-printing-server\\app.js"],"memoryUsage":{"rss":39194624,"heapTotal":21741568,"heapUsed":12870200,"external":141414}},"os":{"loadavg":[0,0,0],"uptime":109772},"trace":[]}
{"message":"::1 - - [30/Mar/2021:12:47:40 +0000] \"GET /download HTTP/1.1\" - - \"-\" \"Mozilla/5.0 (Windows NT 10.0; Win64; x64) AppleWebKit/537.36 (KHTML, like Gecko) Chrome/89.0.4389.90 Safari/537.36\"\n","level":"info"}
{"message":"::1 - - [30/Mar/2021:12:48:17 +0000] \"GET /download HTTP/1.1\" - - \"-\" \"Mozilla/5.0 (Windows NT 10.0; Win64; x64) AppleWebKit/537.36 (KHTML, like Gecko) Chrome/89.0.4389.90 Safari/537.36\"\n","level":"info"}
{"message":"::ffff:127.0.0.1 - - [30/Mar/2021:12:49:36 +0000] \"GET /download HTTP/1.1\" - - \"-\" \"Mozilla/5.0 (Windows NT 10.0; Win64; x64) AppleWebKit/537.36 (KHTML, like Gecko) Chrome/89.0.4389.90 Safari/537.36\"\n","level":"info"}
{"error":{"errno":-4058,"code":"ENOENT","syscall":"open","path":"C:\\Users\\Lap Hoang\\LAP-CDINVEST\\WORK\\TASKS\\node-printing-server\\config\\pdf\\2021-03-14-15.27.27_1__FFBETI02.pdf"},"level":"error","message":"uncaughtException: ENOENT: no such file or directory, open 'C:\\Users\\Lap Hoang\\LAP-CDINVEST\\WORK\\TASKS\\node-printing-server\\config\\pdf\\2021-03-14-15.27.27_1__FFBETI02.pdf'\nError: ENOENT: no such file or directory, open 'C:\\Users\\Lap Hoang\\LAP-CDINVEST\\WORK\\TASKS\\node-printing-server\\config\\pdf\\2021-03-14-15.27.27_1__FFBETI02.pdf'","stack":"Error: ENOENT: no such file or directory, open 'C:\\Users\\Lap Hoang\\LAP-CDINVEST\\WORK\\TASKS\\node-printing-server\\config\\pdf\\2021-03-14-15.27.27_1__FFBETI02.pdf'","exception":true,"date":"Tue Mar 30 2021 14:56:38 GMT+0200 (Central European Summer Time)","process":{"pid":12116,"uid":null,"gid":null,"cwd":"C:\\Users\\Lap Hoang\\LAP-CDINVEST\\WORK\\TASKS\\node-printing-server","execPath":"C:\\Program Files\\nodejs\\node.exe","version":"v10.16.3","argv":["C:\\Program Files\\nodejs\\node.exe","C:\\Users\\Lap Hoang\\LAP-CDINVEST\\WORK\\TASKS\\node-printing-server\\app.js"],"memoryUsage":{"rss":38387712,"heapTotal":21741568,"heapUsed":13387792,"external":228704}},"os":{"loadavg":[0,0,0],"uptime":110416},"trace":[]}
{"message":"::1 - - [30/Mar/2021:12:57:41 +0000] \"POST /print HTTP/1.1\" 200 82 \"-\" \"PostmanRuntime/7.26.10\"\n","level":"info"}
{"message":"::1 - - [30/Mar/2021:12:58:28 +0000] \"POST /print HTTP/1.1\" 200 93 \"-\" \"PostmanRuntime/7.26.10\"\n","level":"info"}
{"message":"::1 - - [30/Mar/2021:12:59:02 +0000] \"POST /print HTTP/1.1\" - - \"-\" \"PostmanRuntime/7.26.10\"\n","level":"info"}
{"message":"::1 - - [30/Mar/2021:12:59:49 +0000] \"POST /print HTTP/1.1\" - - \"-\" \"PostmanRuntime/7.26.10\"\n","level":"info"}
{"message":"::1 - - [30/Mar/2021:13:03:52 +0000] \"POST /print HTTP/1.1\" - - \"-\" \"PostmanRuntime/7.26.10\"\n","level":"info"}
{"message":"::1 - - [30/Mar/2021:13:06:46 +0000] \"POST /print HTTP/1.1\" - - \"-\" \"PostmanRuntime/7.26.10\"\n","level":"info"}
{"error":{},"level":"error","message":"uncaughtException: Assignment to constant variable.\nTypeError: Assignment to constant variable.\n    at Timeout._onTimeout (C:\\Users\\Lap Hoang\\LAP-CDINVEST\\WORK\\TASKS\\node-printing-server\\app.js:43:14)\n    at ontimeout (timers.js:436:11)\n    at tryOnTimeout (timers.js:300:5)\n    at listOnTimeout (timers.js:263:5)\n    at Timer.processTimers (timers.js:223:10)","stack":"TypeError: Assignment to constant variable.\n    at Timeout._onTimeout (C:\\Users\\Lap Hoang\\LAP-CDINVEST\\WORK\\TASKS\\node-printing-server\\app.js:43:14)\n    at ontimeout (timers.js:436:11)\n    at tryOnTimeout (timers.js:300:5)\n    at listOnTimeout (timers.js:263:5)\n    at Timer.processTimers (timers.js:223:10)","exception":true,"date":"Tue Mar 30 2021 16:04:52 GMT+0200 (Central European Summer Time)","process":{"pid":16000,"uid":null,"gid":null,"cwd":"C:\\Users\\Lap Hoang\\LAP-CDINVEST\\WORK\\TASKS\\node-printing-server","execPath":"C:\\Program Files\\nodejs\\node.exe","version":"v10.16.3","argv":["C:\\Program Files\\nodejs\\node.exe","C:\\Users\\Lap Hoang\\LAP-CDINVEST\\WORK\\TASKS\\node-printing-server\\app.js"],"memoryUsage":{"rss":38121472,"heapTotal":21741568,"heapUsed":13382160,"external":236995}},"os":{"loadavg":[0,0,0],"uptime":114510},"trace":[{"column":14,"file":"C:\\Users\\Lap Hoang\\LAP-CDINVEST\\WORK\\TASKS\\node-printing-server\\app.js","function":"Timeout._onTimeout","line":43,"method":"_onTimeout","native":false},{"column":11,"file":"timers.js","function":"ontimeout","line":436,"method":null,"native":false},{"column":5,"file":"timers.js","function":"tryOnTimeout","line":300,"method":null,"native":false},{"column":5,"file":"timers.js","function":"listOnTimeout","line":263,"method":null,"native":false},{"column":10,"file":"timers.js","function":"Timer.processTimers","line":223,"method":"processTimers","native":false}]}
{"message":"::1 - - [30/Mar/2021:16:5:59 +0000] - successful print request with ID: FamnoNZ | fileName: 2021-03-14-15.27.27_1__FFBETI02.pdf","level":"info"}
{"message":"::1 - - [30/Mar/2021:14:05:59 +0000] \"POST /print HTTP/1.1\" 200 116 \"-\" \"PostmanRuntime/7.26.10\"\n","level":"info"}
{"message":"::1 - - [30/Mar/2021:16:7:26 +0000] - successful print request with ID: DVnftVb | fileName: 2021-03-14-15.27.27_1__FFBETI02.pdf","level":"info"}
{"message":"::1 - - [30/Mar/2021:14:07:26 +0000] \"POST /print HTTP/1.1\" 200 116 \"-\" \"PostmanRuntime/7.26.10\"\n","level":"info"}
